<?xml version="1.0" encoding="UTF-8"?>
<!-- Generated by org.testng.reporters.JUnitReportReporter -->
<testsuite skipped="1" hostname="LAPTOP-3V10EK2N" name="com.excel.DDTExcel" tests="1" failures="0" timestamp="2020-04-25T08:38:29 CDT" time="0.000" errors="0">
  <testcase name="DemoProjects" time="0.000" classname="com.excel.DDTExcel">
    <skipped/>
  </testcase> <!-- DemoProjects -->
  <system-out/>
</testsuite> <!-- com.excel.DDTExcel -->
